     1                                  BOOT_LOAD equ 0x7C00
     2                                  ORG BOOT_LOAD
     3                                  
     4                                  %include "../include/macro.s"
     5                              <1> %macro cdecl 1-*.nolist
     6                              <1>   %rep %0 - 1
     7                              <1>     push %{-1:-1}
     8                              <1>     %rotate -1
     9                              <1>   %endrep
    10                              <1>   %rotate -1
    11                              <1>     call %1
    12                              <1>   %if 1 < %0
    13                              <1>     add sp, (__BITS__ >> 3) * (%0 - 1)
    14                              <1>   %endif
    15                              <1> %endmacro
     5                                  
     6                                  entry:
     7 00000000 EB58                      jmp ipl
     8 00000002 90<rep 58h>               times 90 -($ - $$) db 0x90
     9                                  ipl:
    10 0000005A FA                        cli
    11 0000005B B80000                    mov ax, 0x0000
    12 0000005E 8ED8                      mov ds, ax
    13 00000060 8EC0                      mov es, ax
    14 00000062 8ED0                      mov ss, ax
    15 00000064 BC007C                    mov sp, BOOT_LOAD
    16                                  
    17 00000067 FB                        sti
    18 00000068 8816[4801]                mov [BOOT.DRIVE], dl
    19                                  
    20 0000006C 68[3001]E8D80083C4-       cdecl puts, .s0
    20 00000074 02                 
    21                                  
    22 00000075 6A016A0A6A0868-           cdecl itoa, 8086, .s1, 8, 10, 0b0001
    22 0000007C [3D01]68961FE8E500-
    22 00000084 83C40A             
    23 00000087 68[3D01]E8BD0083C4-       cdecl puts, .s1
    23 0000008F 02                 
    24                                  
    25 00000090 6A036A0A6A0868-           cdecl itoa, 8086, .s1, 8, 10, 0b0011
    25 00000097 [3D01]68961FE8CA00-
    25 0000009F 83C40A             
    26 000000A2 68[3D01]E8A20083C4-       cdecl puts, .s1
    26 000000AA 02                 
    27                                  
    28 000000AB 6A016A0A6A0868-           cdecl itoa, -8086, .s1, 8, 10, 0b0001
    28 000000B2 [3D01]686AE0E8AF00-
    28 000000BA 83C40A             
    29 000000BD 68[3D01]E8870083C4-       cdecl puts, .s1
    29 000000C5 02                 
    30                                  
    31 000000C6 6A016A0A6A0868-           cdecl itoa, -1, .s1, 8, 10,  0b0001
    31 000000CD [3D01]6AFFE8950083-
    31 000000D5 C40A               
    32 000000D7 68[3D01]E86D0083C4-       cdecl puts, .s1
    32 000000DF 02                 
    33                                  
    34 000000E0 6A006A0A6A0868-           cdecl itoa, -1, .s1, 8, 10, 0b0000
    34 000000E7 [3D01]6AFFE87B0083-
    34 000000EF C40A               
    35 000000F1 68[3D01]E8530083C4-       cdecl puts, .s1
    35 000000F9 02                 
    36                                  
    37 000000FA 6A006A106A0868-           cdecl itoa, -1, .s1, 8, 16, 0b0000
    37 00000101 [3D01]6AFFE8610083-
    37 00000109 C40A               
    38 0000010B 68[3D01]E8390083C4-       cdecl puts, .s1
    38 00000113 02                 
    39                                  
    40 00000114 6A046A026A0868-           cdecl itoa, 12, .s1, 8, 2, 0b0100
    40 0000011B [3D01]6A0CE8470083-
    40 00000123 C40A               
    41 00000125 68[3D01]E81F0083C4-       cdecl puts, .s1
    41 0000012D 02                 
    42                                  
    43 0000012E EBFE                      jmp $
    44                                  
    45 00000130 626F6F74696E672E2E-     .s0 db "booting...", 0x0A, 0x0D, 0
    45 00000139 2E0A0D00           
    46 0000013D 2D2D2D2D2D2D2D2D0A-     .s1 db "--------", 0x0A, 0x0D, 0
    46 00000146 0D00               
    47                                  
    48                                  ALIGN 2, db 0
    49                                  
    50                                  BOOT:
    51                                    .DRIVE:
    52 00000148 0000                        dw 0
    53                                  
    54                                  %include "../modules/real/puts.s"
    55                              <1> puts:
    56 0000014A 55                  <1>   push bp
    57 0000014B 89E5                <1>   mov bp, sp
    58                              <1> 
    59 0000014D 50                  <1>   push ax
    60 0000014E 53                  <1>   push bx
    61 0000014F 56                  <1>   push si
    62                              <1> 
    63 00000150 8B7604              <1>   mov si, [bp + 4]
    64 00000153 B40E                <1>   mov ah, 0x0E
    65 00000155 BB0000              <1>   mov bx, 0x0000
    66                              <1> 
    67 00000158 FC                  <1>   cld
    68                              <1> 
    69                              <1> .10L:
    70 00000159 AC                  <1>   lodsb
    71                              <1> 
    72 0000015A 3C00                <1>   cmp al, 0
    73 0000015C 7404                <1>   je .10E
    74                              <1> 
    75 0000015E CD10                <1>   int 0x10
    76 00000160 EBF7                <1>   jmp .10L
    77                              <1> 
    78                              <1> .10E:
    79 00000162 5E                  <1>   pop si
    80 00000163 5B                  <1>   pop bx
    81 00000164 58                  <1>   pop ax
    82                              <1> 
    83 00000165 89EC                <1>   mov sp, bp
    84 00000167 5D                  <1>   pop bp
    85                              <1> 
    86 00000168 C3                  <1>   ret
    55                                  %include "../modules/real/itoa.s"
    56                              <1> itoa:
    57 00000169 55                  <1>   push bp
    58 0000016A 89E5                <1>   mov bp, sp
    59                              <1> 
    60 0000016C 50                  <1>   push ax
    61 0000016D 53                  <1>   push bx
    62 0000016E 51                  <1>   push cx
    63 0000016F 52                  <1>   push dx
    64 00000170 56                  <1>   push si
    65 00000171 57                  <1>   push di
    66                              <1> 
    67 00000172 8B4604              <1>   mov ax, [bp + 4]
    68 00000175 8B7606              <1>   mov si, [bp + 6]
    69 00000178 8B4E08              <1>   mov cx, [bp + 8]
    70                              <1> 
    71 0000017B 89F7                <1>   mov di, si
    72 0000017D 01CF                <1>   add di, cx
    73 0000017F 4F                  <1>   dec di
    74                              <1> 
    75 00000180 8B5E0C              <1>   mov bx, [bp + 12]
    76                              <1> 
    77 00000183 F7C30100            <1>   test bx, 0b0001
    78                              <1> .10Q:
    79 00000187 7408                <1>   je .10E
    80 00000189 83F800              <1>   cmp ax, 0
    81                              <1> .12Q:
    82 0000018C 7D03                <1>   jge .12E
    83 0000018E 83CB02              <1>   or bx, 0b0010
    84                              <1> .12E:
    85                              <1> .10E:
    86 00000191 F7C30200            <1>   test bx, 0b0010
    87                              <1> .20Q:
    88 00000195 7410                <1>   je .20E
    89 00000197 83F800              <1>   cmp ax, 0
    90                              <1> .22Q:
    91 0000019A 7D07                <1>   jge .22F
    92 0000019C F7D8                <1>   neg ax
    93 0000019E C6042D              <1>   mov [si], byte '-'
    94 000001A1 EB03                <1>   jmp .22E
    95                              <1> .22F:
    96 000001A3 C6042B              <1>   mov [si], byte '+'
    97                              <1> .22E:
    98 000001A6 49                  <1>   dec cx
    99                              <1> .20E:
   100 000001A7 8B5E0A              <1>   mov bx, [bp + 10]
   101                              <1> .30L:
   102 000001AA BA0000              <1>   mov dx, 0
   103 000001AD F7F3                <1>   div bx
   104                              <1> 
   105 000001AF 89D6                <1>   mov si, dx
   106 000001B1 8A94[D901]          <1>   mov dl, byte [.ascii + si]
   107 000001B5 8815                <1>   mov [di], dl
   108 000001B7 4F                  <1>   dec di
   109 000001B8 83F800              <1>   cmp ax, 0
   110 000001BB E0ED                <1>   loopnz .30L
   111                              <1> .30E:
   112 000001BD 83F900              <1>   cmp cx, 0
   113                              <1> .40Q:
   114 000001C0 740D                <1>   je .40E
   115 000001C2 B020                <1>   mov al, ' '
   116 000001C4 837E0C04            <1>   cmp [bp + 12], word 0b0100
   117                              <1> .42Q:
   118 000001C8 7502                <1>   jne .42E
   119 000001CA B030                <1>   mov al, '0'
   120                              <1> .42E:
   121 000001CC FD                  <1>   std
   122 000001CD F3AA                <1>   rep stosb
   123                              <1> .40E:
   124 000001CF 5F                  <1>   pop di
   125 000001D0 5E                  <1>   pop si
   126 000001D1 5A                  <1>   pop dx
   127 000001D2 59                  <1>   pop cx
   128 000001D3 5B                  <1>   pop bx
   129 000001D4 58                  <1>   pop ax
   130                              <1> 
   131 000001D5 89EC                <1>   mov sp, bp
   132 000001D7 5D                  <1>   pop bp
   133 000001D8 C3                  <1>   ret
   134                              <1> 
   135 000001D9 303132333435363738- <1> .ascii	db		"0123456789ABCDEF"
   135 000001E2 39414243444546      <1>
    56 000001E9 00<rep 15h>               times 510 - ($ - $$) db 0x00
    57 000001FE 55AA                      db 0x55, 0xAA
