     1                                  BOOT_LOAD equ 0x7C00
     2                                  ORG BOOT_LOAD
     3                                  
     4                                  %include "../include/macro.s"
     5                              <1> %macro cdecl 1-*.nolist
     6                              <1>   %rep %0 - 1
     7                              <1>     push %{-1:-1}
     8                              <1>     %rotate -1
     9                              <1>   %endrep
    10                              <1>   %rotate -1
    11                              <1>     call %1
    12                              <1>   %if 1 < %0
    13                              <1>     add sp, (__BITS__ >> 3) * (%0 - 1)
    14                              <1>   %endif
    15                              <1> %endmacro
     5                                  
     6                                  entry:
     7 00000000 EB58                      jmp ipl
     8 00000002 90<rep 58h>               times 90 -($ - $$) db 0x90
     9                                  ipl:
    10 0000005A FA                        cli
    11 0000005B B80000                    mov ax, 0x0000
    12 0000005E 8ED8                      mov ds, ax
    13 00000060 8EC0                      mov es, ax
    14 00000062 8ED0                      mov ss, ax
    15 00000064 BC007C                    mov sp, BOOT_LOAD
    16                                  
    17 00000067 FB                        sti
    18 00000068 8816[9200]                mov [BOOT.DRIVE], dl
    19                                  
    20 0000006C 68[7A00]E8220083C4-       cdecl puts, .s0
    20 00000074 02                 
    21 00000075 E8BB00                    cdecl reboot
    22                                  
    23 00000078 EBFE                      jmp $
    24                                  
    25 0000007A 626F6F74696E672E2E-     .s0 db "booting...", 0x0A, 0x0D, 0
    25 00000083 2E0A0D00           
    26 00000087 2D2D2D2D2D2D2D2D0A-     .s1 db "--------", 0x0A, 0x0D, 0
    26 00000090 0D00               
    27                                  
    28                                  ALIGN 2, db 0
    29                                  
    30                                  BOOT:
    31                                    .DRIVE:
    32 00000092 0000                        dw 0
    33                                  
    34                                  %include "../modules/real/puts.s"
    35                              <1> puts:
    36 00000094 55                  <1>   push bp
    37 00000095 89E5                <1>   mov bp, sp
    38                              <1> 
    39 00000097 50                  <1>   push ax
    40 00000098 53                  <1>   push bx
    41 00000099 56                  <1>   push si
    42                              <1> 
    43 0000009A 8B7604              <1>   mov si, [bp + 4]
    44 0000009D B40E                <1>   mov ah, 0x0E
    45 0000009F BB0000              <1>   mov bx, 0x0000
    46                              <1> 
    47 000000A2 FC                  <1>   cld
    48                              <1> 
    49                              <1> .10L:
    50 000000A3 AC                  <1>   lodsb
    51                              <1> 
    52 000000A4 3C00                <1>   cmp al, 0
    53 000000A6 7404                <1>   je .10E
    54                              <1> 
    55 000000A8 CD10                <1>   int 0x10
    56 000000AA EBF7                <1>   jmp .10L
    57                              <1> 
    58                              <1> .10E:
    59 000000AC 5E                  <1>   pop si
    60 000000AD 5B                  <1>   pop bx
    61 000000AE 58                  <1>   pop ax
    62                              <1> 
    63 000000AF 89EC                <1>   mov sp, bp
    64 000000B1 5D                  <1>   pop bp
    65                              <1> 
    66 000000B2 C3                  <1>   ret
    35                                  %include "../modules/real/itoa.s"
    36                              <1> itoa:
    37 000000B3 55                  <1>   push bp
    38 000000B4 89E5                <1>   mov bp, sp
    39                              <1> 
    40 000000B6 50                  <1>   push ax
    41 000000B7 53                  <1>   push bx
    42 000000B8 51                  <1>   push cx
    43 000000B9 52                  <1>   push dx
    44 000000BA 56                  <1>   push si
    45 000000BB 57                  <1>   push di
    46                              <1> 
    47 000000BC 8B4604              <1>   mov ax, [bp + 4]
    48 000000BF 8B7606              <1>   mov si, [bp + 6]
    49 000000C2 8B4E08              <1>   mov cx, [bp + 8]
    50                              <1> 
    51 000000C5 89F7                <1>   mov di, si
    52 000000C7 01CF                <1>   add di, cx
    53 000000C9 4F                  <1>   dec di
    54                              <1> 
    55 000000CA 8B5E0C              <1>   mov bx, [bp + 12]
    56                              <1> 
    57 000000CD F7C30100            <1>   test bx, 0b0001
    58                              <1> .10Q:
    59 000000D1 7408                <1>   je .10E
    60 000000D3 83F800              <1>   cmp ax, 0
    61                              <1> .12Q:
    62 000000D6 7D03                <1>   jge .12E
    63 000000D8 83CB02              <1>   or bx, 0b0010
    64                              <1> .12E:
    65                              <1> .10E:
    66 000000DB F7C30200            <1>   test bx, 0b0010
    67                              <1> .20Q:
    68 000000DF 7410                <1>   je .20E
    69 000000E1 83F800              <1>   cmp ax, 0
    70                              <1> .22Q:
    71 000000E4 7D07                <1>   jge .22F
    72 000000E6 F7D8                <1>   neg ax
    73 000000E8 C6042D              <1>   mov [si], byte '-'
    74 000000EB EB03                <1>   jmp .22E
    75                              <1> .22F:
    76 000000ED C6042B              <1>   mov [si], byte '+'
    77                              <1> .22E:
    78 000000F0 49                  <1>   dec cx
    79                              <1> .20E:
    80 000000F1 8B5E0A              <1>   mov bx, [bp + 10]
    81                              <1> .30L:
    82 000000F4 BA0000              <1>   mov dx, 0
    83 000000F7 F7F3                <1>   div bx
    84                              <1> 
    85 000000F9 89D6                <1>   mov si, dx
    86 000000FB 8A94[2301]          <1>   mov dl, byte [.ascii + si]
    87 000000FF 8815                <1>   mov [di], dl
    88 00000101 4F                  <1>   dec di
    89 00000102 83F800              <1>   cmp ax, 0
    90 00000105 E0ED                <1>   loopnz .30L
    91                              <1> .30E:
    92 00000107 83F900              <1>   cmp cx, 0
    93                              <1> .40Q:
    94 0000010A 740D                <1>   je .40E
    95 0000010C B020                <1>   mov al, ' '
    96 0000010E 837E0C04            <1>   cmp [bp + 12], word 0b0100
    97                              <1> .42Q:
    98 00000112 7502                <1>   jne .42E
    99 00000114 B030                <1>   mov al, '0'
   100                              <1> .42E:
   101 00000116 FD                  <1>   std
   102 00000117 F3AA                <1>   rep stosb
   103                              <1> .40E:
   104 00000119 5F                  <1>   pop di
   105 0000011A 5E                  <1>   pop si
   106 0000011B 5A                  <1>   pop dx
   107 0000011C 59                  <1>   pop cx
   108 0000011D 5B                  <1>   pop bx
   109 0000011E 58                  <1>   pop ax
   110                              <1> 
   111 0000011F 89EC                <1>   mov sp, bp
   112 00000121 5D                  <1>   pop bp
   113 00000122 C3                  <1>   ret
   114                              <1> 
   115 00000123 303132333435363738- <1> .ascii	db		"0123456789ABCDEF"
   115 0000012C 39414243444546      <1>
    36                                  %include "../modules/real/reboot.s"
    37                              <1> reboot:
    38 00000133 68[5001]E85BFF83C4- <1>   cdecl puts, .s0
    38 0000013B 02                  <1>
    39                              <1> .10L
    39          ******************  <1>  warning: label alone on a line without a colon might be in error [-w+label-orphan]
    40 0000013C B81000              <1>   mov   ax, 0x10
    41 0000013F CD16                <1>   int   0x16
    42 00000141 3C20                <1>   cmp   al, ' '
    43 00000143 75F7                <1>   jne   .10L
    44 00000145 68[6B01]E849FF83C4- <1>   cdecl puts, .s1
    44 0000014D 02                  <1>
    45 0000014E CD19                <1>   int 0x19
    46 00000150 0A0D50757368205370- <1> .s0 db 0x0A, 0x0D, "Push Space key to reboot", 0
    46 00000159 616365206B65792074- <1>
    46 00000162 6F207265626F6F7400  <1>
    47 0000016B 0A0D0A0D00          <1> .s1 db 0x0A, 0x0D, 0x0A, 0x0D, 0
    37 00000170 00<rep 8Eh>               times 510 - ($ - $$) db 0x00
    38 000001FE 55AA                      db 0x55, 0xAA
