     1                                  BOOT_LOAD equ 0x7C00
     2                                  ORG BOOT_LOAD
     3                                  
     4                                  entry:
     5 00000000 EB58                      jmp ipl
     6 00000002 90<rep 58h>               times 90 -($ - $$) db 0x90
     7                                  ipl:
     8 0000005A FA                        cli
     9 0000005B B80000                    mov ax, 0x0000
    10 0000005E 8ED8                      mov ds, ax
    11 00000060 8EC0                      mov es, ax
    12 00000062 8ED0                      mov ss, ax
    13 00000064 BC007C                    mov sp, BOOT_LOAD
    14                                  
    15 00000067 FB                        sti
    16 00000068 8816[7800]                mov [BOOT.DRIVE], dl
    17                                  
    18 0000006C B041                      mov al, 'A'
    19 0000006E B40E                      mov ah, 0x0E
    20 00000070 BB0000                    mov bx, 0x0000
    21 00000073 CD10                      int 0x10
    22                                  
    23 00000075 EBFE                      jmp $
    24                                  
    25 00000077 00                      ALIGN 2, db 0
    26                                  
    27                                  BOOT:
    28                                    .DRIVE:
    29 00000078 0000                        dw 0
    30 0000007A 00<rep 184h>                times 510 - ($ - $$) db 0x00
    31 000001FE 55AA                        db 0x55, 0xAA
