     1                                  %include "../include/define.s"
     2                              <1> BOOT_LOAD equ 0x7C00
     3                              <1> BOOT_SIZE equ (1024) * 8
     4                              <1> SECT_SIZE equ (512)
     5                              <1> BOOT_SECT equ (BOOT_SIZE / SECT_SIZE)
     2                                  %include "../include/macro.s"
     3                              <1> %macro cdecl 1-*.nolist
     4                              <1>   %rep %0 - 1
     5                              <1>     push %{-1:-1}
     6                              <1>     %rotate -1
     7                              <1>   %endrep
     8                              <1>   %rotate -1
     9                              <1>     call %1
    10                              <1>   %if 1 < %0
    11                              <1>     add sp, (__BITS__ >> 3) * (%0 - 1)
    12                              <1>   %endif
    13                              <1> %endmacro
    14                              <1> 
    15                              <1> struc drive
    16 00000000 ????                <1>   .no resw 1
    17 00000002 ????                <1>   .cyln resw 1
    18 00000004 ????                <1>   .head resw 1
    19 00000006 ????                <1>   .sect resw 1
    20                              <1> endstruc
     3                                  
     4                                    ORG BOOT_LOAD
     5                                  
     6                                  entry:
     7 00000000 EB58                      jmp ipl
     8 00000002 90<rep 58h>               times 90 -($ - $$) db 0x90
     9                                  ipl:
    10 0000005A FA                        cli
    11 0000005B B80000                    mov ax, 0x0000
    12 0000005E 8ED8                      mov ds, ax
    13 00000060 8EC0                      mov es, ax
    14 00000062 8ED0                      mov ss, ax
    15 00000064 BC007C                    mov sp, BOOT_LOAD
    16                                  
    17 00000067 FB                        sti
    18 00000068 8816[BA00]                mov [BOOT + drive.no], dl
    19                                  
    20 0000006C 68[9900]E8500083C4-       cdecl puts, .s0
    20 00000074 02                 
    21                                  
    22 00000075 BB0F00                    mov bx, BOOT_SECT - 1
    23 00000078 B9007E                    mov cx, BOOT_LOAD + SECT_SIZE
    24                                  
    25 0000007B 515368[BA00]E89B00-       cdecl read_chs, BOOT, bx, cx
    25 00000083 83C406             
    26                                  
    27 00000086 39D8                      cmp ax, bx
    28                                  .10Q:
    29 00000088 740C                      jz .10E
    30                                  .10T:
    31 0000008A 68[A600]E8320083C4-       cdecl puts, .e0
    31 00000092 02                 
    32 00000093 E84B00                    call reboot
    33                                  .10E:
    34 00000096 E92802                    jmp stage_2
    35                                  
    36 00000099 626F6F74696E672E2E-     .s0 db "booting...", 0x0A, 0x0D, 0
    36 000000A2 2E0A0D00           
    37 000000A6 4572726F723A536563-     .e0 db "Error:Sector: read", 0
    37 000000AF 746F723A2072656164-
    37 000000B8 00                 
    38 000000B9 00                      ALIGN 2, db 0
    39                                  BOOT:
    40                                    istruc	drive
    41 000000BA 0000                        at drive.no, dw 0
    42 000000BC 0000                        at drive.cyln, dw 0
    43 000000BE 0000                        at drive.head, dw 0
    44 000000C0 0200                        at drive.sect, dw 2
    45                                    iend
    46                                  
    47                                  %include "../modules/real/puts.s"
    48                              <1> puts:
    49 000000C2 55                  <1>   push bp
    50 000000C3 89E5                <1>   mov bp, sp
    51                              <1> 
    52 000000C5 50                  <1>   push ax
    53 000000C6 53                  <1>   push bx
    54 000000C7 56                  <1>   push si
    55                              <1> 
    56 000000C8 8B7604              <1>   mov si, [bp + 4]
    57 000000CB B40E                <1>   mov ah, 0x0E
    58 000000CD BB0000              <1>   mov bx, 0x0000
    59                              <1> 
    60 000000D0 FC                  <1>   cld
    61                              <1> 
    62                              <1> .10L:
    63 000000D1 AC                  <1>   lodsb
    64                              <1> 
    65 000000D2 3C00                <1>   cmp al, 0
    66 000000D4 7404                <1>   je .10E
    67                              <1> 
    68 000000D6 CD10                <1>   int 0x10
    69 000000D8 EBF7                <1>   jmp .10L
    70                              <1> 
    71                              <1> .10E:
    72 000000DA 5E                  <1>   pop si
    73 000000DB 5B                  <1>   pop bx
    74 000000DC 58                  <1>   pop ax
    75                              <1> 
    76 000000DD 89EC                <1>   mov sp, bp
    77 000000DF 5D                  <1>   pop bp
    78                              <1> 
    79 000000E0 C3                  <1>   ret
    48                                  %include "../modules/real/reboot.s"
    49                              <1> reboot:
    50 000000E1 68[FE00]E8DBFF83C4- <1>   cdecl puts, .s0
    50 000000E9 02                  <1>
    51                              <1> .10L:
    52 000000EA B81000              <1>   mov   ax, 0x10
    53 000000ED CD16                <1>   int   0x16
    54 000000EF 3C20                <1>   cmp   al, ' '
    55 000000F1 75F7                <1>   jne   .10L
    56 000000F3 68[1901]E8C9FF83C4- <1>   cdecl puts, .s1
    56 000000FB 02                  <1>
    57 000000FC CD19                <1>   int 0x19
    58 000000FE 0A0D50757368205370- <1> .s0 db 0x0A, 0x0D, "Push Space key to reboot", 0
    58 00000107 616365206B65792074- <1>
    58 00000110 6F207265626F6F7400  <1>
    59 00000119 0A0D0A0D00          <1> .s1 db 0x0A, 0x0D, 0x0A, 0x0D, 0
    49                                  %include "../modules/real/read_chs.s"
    50                              <1> read_chs:
    51 0000011E 55                  <1>   push bp
    52 0000011F 89E5                <1>   mov bp, sp
    53 00000121 6A03                <1>   push 3
    54 00000123 6A00                <1>   push 0
    55                              <1> 
    56 00000125 53                  <1>   push bx
    57 00000126 51                  <1>   push cx
    58 00000127 52                  <1>   push dx
    59 00000128 06                  <1>   push es
    60 00000129 56                  <1>   push si
    61                              <1> 
    62 0000012A 8B7604              <1>   mov si, [bp + 4]
    63 0000012D 8A6C02              <1>   mov ch, [si + drive.cyln + 0]
    64 00000130 8A4C03              <1>   mov cl, [si + drive.cyln + 1]
    65 00000133 C0E106              <1>   shl cl, 6
    66 00000136 0A4C06              <1>   or cl, [si + drive.sect]
    67                              <1> 
    68 00000139 8A7404              <1>   mov dh, [si + drive.head]
    69 0000013C 8A14                <1>   mov dl, [si + 0]
    70 0000013E B80000              <1>   mov ax, 0x0000
    71 00000141 8EC0                <1>   mov es, ax
    72 00000143 8B5E08              <1>   mov bx, [bp + 8]
    73                              <1> 
    74                              <1> .10L:
    75 00000146 B402                <1>   mov ah, 0x02
    76 00000148 8A4606              <1>   mov al, [bp + 6]
    77 0000014B CD13                <1>   int 0x13
    78 0000014D 7304                <1>   jnc .11E
    79 0000014F B000                <1>   mov al, 0
    80 00000151 EB0C                <1>   jmp .10E
    81                              <1> .11E:
    82 00000153 3C00                <1>   cmp al, 0
    83 00000155 7508                <1>   jne .10E
    84 00000157 B80000              <1>   mov ax, 0
    85 0000015A FF4EFE              <1>   dec word [bp - 2]
    86 0000015D 75E7                <1>   jnz .10L
    87                              <1> .10E:
    88 0000015F B400                <1>   mov ah, 0
    89 00000161 5E                  <1>   pop si
    90 00000162 07                  <1>   pop es
    91 00000163 5A                  <1>   pop dx
    92 00000164 59                  <1>   pop cx
    93 00000165 5B                  <1>   pop bx
    94                              <1> 
    95 00000166 89EC                <1>   mov sp, bp
    96 00000168 5D                  <1>   pop bp
    97 00000169 C3                  <1>   ret
    50                                  
    51 0000016A 00<rep 94h>               times 510 - ($ - $$) db 0x00
    52 000001FE 55AA                      db 0x55, 0xAA
    53                                  
    54                                  %include "../modules/real/itoa.s"
    55                              <1> itoa:
    56 00000200 55                  <1>   push bp
    57 00000201 89E5                <1>   mov bp, sp
    58                              <1> 
    59 00000203 50                  <1>   push ax
    60 00000204 53                  <1>   push bx
    61 00000205 51                  <1>   push cx
    62 00000206 52                  <1>   push dx
    63 00000207 56                  <1>   push si
    64 00000208 57                  <1>   push di
    65                              <1> 
    66 00000209 8B4604              <1>   mov ax, [bp + 4]
    67 0000020C 8B7606              <1>   mov si, [bp + 6]
    68 0000020F 8B4E08              <1>   mov cx, [bp + 8]
    69                              <1> 
    70 00000212 89F7                <1>   mov di, si
    71 00000214 01CF                <1>   add di, cx
    72 00000216 4F                  <1>   dec di
    73                              <1> 
    74 00000217 8B5E0C              <1>   mov bx, [bp + 12]
    75                              <1> 
    76 0000021A F7C30100            <1>   test bx, 0b0001
    77                              <1> .10Q:
    78 0000021E 7408                <1>   je .10E
    79 00000220 83F800              <1>   cmp ax, 0
    80                              <1> .12Q:
    81 00000223 7D03                <1>   jge .12E
    82 00000225 83CB02              <1>   or bx, 0b0010
    83                              <1> .12E:
    84                              <1> .10E:
    85 00000228 F7C30200            <1>   test bx, 0b0010
    86                              <1> .20Q:
    87 0000022C 7410                <1>   je .20E
    88 0000022E 83F800              <1>   cmp ax, 0
    89                              <1> .22Q:
    90 00000231 7D07                <1>   jge .22F
    91 00000233 F7D8                <1>   neg ax
    92 00000235 C6042D              <1>   mov [si], byte '-'
    93 00000238 EB03                <1>   jmp .22E
    94                              <1> .22F:
    95 0000023A C6042B              <1>   mov [si], byte '+'
    96                              <1> .22E:
    97 0000023D 49                  <1>   dec cx
    98                              <1> .20E:
    99 0000023E 8B5E0A              <1>   mov bx, [bp + 10]
   100                              <1> .30L:
   101 00000241 BA0000              <1>   mov dx, 0
   102 00000244 F7F3                <1>   div bx
   103                              <1> 
   104 00000246 89D6                <1>   mov si, dx
   105 00000248 8A94[7002]          <1>   mov dl, byte [.ascii + si]
   106 0000024C 8815                <1>   mov [di], dl
   107 0000024E 4F                  <1>   dec di
   108 0000024F 83F800              <1>   cmp ax, 0
   109 00000252 E0ED                <1>   loopnz .30L
   110                              <1> .30E:
   111 00000254 83F900              <1>   cmp cx, 0
   112                              <1> .40Q:
   113 00000257 740D                <1>   je .40E
   114 00000259 B020                <1>   mov al, ' '
   115 0000025B 837E0C04            <1>   cmp [bp + 12], word 0b0100
   116                              <1> .42Q:
   117 0000025F 7502                <1>   jne .42E
   118 00000261 B030                <1>   mov al, '0'
   119                              <1> .42E:
   120 00000263 FD                  <1>   std
   121 00000264 F3AA                <1>   rep stosb
   122                              <1> .40E:
   123 00000266 5F                  <1>   pop di
   124 00000267 5E                  <1>   pop si
   125 00000268 5A                  <1>   pop dx
   126 00000269 59                  <1>   pop cx
   127 0000026A 5B                  <1>   pop bx
   128 0000026B 58                  <1>   pop ax
   129                              <1> 
   130 0000026C 89EC                <1>   mov sp, bp
   131 0000026E 5D                  <1>   pop bp
   132 0000026F C3                  <1>   ret
   133                              <1> 
   134 00000270 303132333435363738- <1> .ascii	db		"0123456789ABCDEF"
   134 00000279 39414243444546      <1>
    55                                  %include "../modules/real/get_drive_param.s"
    56                              <1> get_drive_param:
    57 00000280 55                  <1>   push bp
    58 00000281 89E5                <1>   mov bp, sp
    59                              <1> 
    60 00000283 53                  <1>   push bx
    61 00000284 51                  <1>   push cx
    62 00000285 06                  <1>   push es
    63 00000286 56                  <1>   push si
    64 00000287 57                  <1>   push di
    65                              <1> 
    66 00000288 8B7604              <1>   mov si, [bp + 4]
    67 0000028B B80000              <1>   mov ax, 0
    68 0000028E 8EC0                <1>   mov es, ax
    69                              <1> 
    70 00000290 89C7                <1>   mov di, ax
    71 00000292 B408                <1>   mov ah, 8
    72 00000294 8A14                <1>   mov dl, [si + drive.no]
    73 00000296 CD13                <1>   int 0x13
    74                              <1> .10Q:
    75 00000298 721B                <1>   jc  .10F
    76                              <1> .10T:
    77 0000029A 88C8                <1>   mov al, cl
    78 0000029C 83E03F              <1>   and ax, 0x3F
    79                              <1> 
    80 0000029F C0E906              <1>   shr cl, 6
    81 000002A2 C1C908              <1>   ror cx, 8
    82 000002A5 41                  <1>   inc cx
    83                              <1> 
    84 000002A6 0FB6DE              <1>   movzx bx, dh
    85 000002A9 43                  <1>   inc bx
    86                              <1> 
    87 000002AA 894C02              <1>   mov [si + drive.cyln], cx
    88 000002AD 895C04              <1>   mov [si + drive.head], bx
    89 000002B0 894406              <1>   mov [si + drive.sect], ax
    90 000002B3 EB03                <1>   jmp .10E
    91                              <1> 
    92                              <1> .10F:
    93 000002B5 B80000              <1>   mov ax, 0
    94                              <1> .10E:
    95 000002B8 5F                  <1>   pop di
    96 000002B9 5E                  <1>   pop si
    97 000002BA 07                  <1>   pop es
    98 000002BB 59                  <1>   pop cx
    99 000002BC 5B                  <1>   pop bx
   100                              <1> 
   101 000002BD 89EC                <1>   mov sp, bp
   102 000002BF 5D                  <1>   pop bp
   103 000002C0 C3                  <1>   ret
    56                                  
    57                                  stage_2:
    58 000002C1 68[3B03]E8FBFD83C4-       cdecl puts, .s0
    58 000002C9 02                 
    59 000002CA 68[BA00]E8B0FF83C4-       cdecl get_drive_param, BOOT
    59 000002D2 02                 
    60 000002D3 83F800                    cmp ax, 0
    61                                  .10Q:
    62 000002D6 750C                      jne .10E
    63                                  .10T:
    64 000002D8 68[7203]E8E4FD83C4-       cdecl puts, .e0
    64 000002E0 02                 
    65 000002E1 E8FDFD                    call reboot
    66                                  .10E:
    67 000002E4 A1[BA00]                	mov	ax, [BOOT + drive.no]
    68 000002E7 6A046A106A0268-         	cdecl	itoa, ax, .p1, 2, 16, 0b0100
    68 000002EE [5303]50E80CFF83C4-
    68 000002F6 0A                 
    69 000002F7 A1[BC00]                	mov	ax, [BOOT + drive.cyln]
    70 000002FA 6A046A106A0468-         	cdecl	itoa, ax, .p2, 4, 16, 0b0100
    70 00000301 [5B03]50E8F9FE83C4-
    70 00000309 0A                 
    71 0000030A A1[BE00]                	mov	ax, [BOOT + drive.head]
    72 0000030D 6A046A106A0268-         	cdecl	itoa, ax, .p3, 2, 16, 0b0100
    72 00000314 [6503]50E8E6FE83C4-
    72 0000031C 0A                 
    73 0000031D A1[C000]                	mov	ax, [BOOT + drive.sect]
    74 00000320 6A046A106A0268-         	cdecl	itoa, ax, .p4, 2, 16, 0b0100
    74 00000327 [6D03]50E8D3FE83C4-
    74 0000032F 0A                 
    75 00000330 68[4A03]E88CFD83C4-     	cdecl	puts, .s1
    75 00000338 02                 
    76                                  
    77 00000339 EBFE                      jmp $
    78                                  
    79 0000033B 326E64207374616765-     .s0		db	"2nd stage...", 0x0A, 0x0D, 0
    79 00000344 2E2E2E0A0D00       
    80 0000034A 2044726976653A3078      .s1		db	" Drive:0x"
    81 00000353 20202C20433A3078        .p1		db	"  , C:0x"
    82 0000035B 202020202C20483A30-     .p2		db	"    , H:0x"
    82 00000364 78                 
    83 00000365 20202C20533A3078        .p3		db	"  , S:0x"
    84 0000036D 20200A0D00              .p4		db	"  ", 0x0A, 0x0D, 0
    85                                  
    86 00000372 43616E277420676574-     .e0		db	"Can't get drive parameter.", 0
    86 0000037B 206472697665207061-
    86 00000384 72616D657465722E00 
    87                                  
    88 0000038D 00<rep 1C73h>             times BOOT_SIZE - ($ - $$) db 0
