     1                                  %include "../include/define.s"
     2                              <1> BOOT_LOAD equ 0x7C00
     3                              <1> BOOT_SIZE equ (1024) * 8
     4                              <1> SECT_SIZE equ (512)
     5                              <1> BOOT_SECT equ (BOOT_SIZE / SECT_SIZE)
     2                                  %include "../include/macro.s"
     3                              <1> %macro cdecl 1-*.nolist
     4                              <1>   %rep %0 - 1
     5                              <1>     push %{-1:-1}
     6                              <1>     %rotate -1
     7                              <1>   %endrep
     8                              <1>   %rotate -1
     9                              <1>     call %1
    10                              <1>   %if 1 < %0
    11                              <1>     add sp, (__BITS__ >> 3) * (%0 - 1)
    12                              <1>   %endif
    13                              <1> %endmacro
    14                              <1> 
    15                              <1> struc drive
    16 00000000 ????                <1>   .no resw 1
    17 00000002 ????                <1>   .cyln resw 1
    18 00000004 ????                <1>   .head resw 1
    19 00000006 ????                <1>   .sect resw 1
    20                              <1> endstruc
     3                                  
     4                                    ORG BOOT_LOAD
     5                                  
     6                                  entry:
     7 00000000 EB58                      jmp ipl
     8 00000002 90<rep 58h>               times 90 -($ - $$) db 0x90
     9                                  ipl:
    10 0000005A FA                        cli
    11 0000005B B80000                    mov ax, 0x0000
    12 0000005E 8ED8                      mov ds, ax
    13 00000060 8EC0                      mov es, ax
    14 00000062 8ED0                      mov ss, ax
    15 00000064 BC007C                    mov sp, BOOT_LOAD
    16                                  
    17 00000067 FB                        sti
    18 00000068 8816[BA00]                mov [BOOT + drive.no], dl
    19                                  
    20 0000006C 68[9900]E8500083C4-       cdecl puts, .s0
    20 00000074 02                 
    21                                  
    22 00000075 BB0F00                    mov bx, BOOT_SECT - 1
    23 00000078 B9007E                    mov cx, BOOT_LOAD + SECT_SIZE
    24                                  
    25 0000007B 515368[BA00]E89B00-       cdecl read_chs, BOOT, bx, cx
    25 00000083 83C406             
    26                                  
    27 00000086 39D8                      cmp ax, bx
    28                                  .10Q:
    29 00000088 740C                      jz .10E
    30                                  .10T:
    31 0000008A 68[A600]E8320083C4-       cdecl puts, .e0
    31 00000092 02                 
    32 00000093 E84B00                    call reboot
    33                                  .10E:
    34 00000096 E94C02                    jmp stage_2
    35                                  
    36 00000099 626F6F74696E672E2E-     .s0 db "booting...", 0x0A, 0x0D, 0
    36 000000A2 2E0A0D00           
    37 000000A6 4572726F723A536563-     .e0 db "Error:Sector: read", 0
    37 000000AF 746F723A2072656164-
    37 000000B8 00                 
    38 000000B9 00                      ALIGN 2, db 0
    39                                  BOOT:
    40                                    istruc	drive
    41 000000BA 0000                        at drive.no, dw 0
    42 000000BC 0000                        at drive.cyln, dw 0
    43 000000BE 0000                        at drive.head, dw 0
    44 000000C0 0200                        at drive.sect, dw 2
    45                                    iend
    46                                  
    47                                  %include "../modules/real/puts.s"
    48                              <1> puts:
    49 000000C2 55                  <1>   push bp
    50 000000C3 89E5                <1>   mov bp, sp
    51                              <1> 
    52 000000C5 50                  <1>   push ax
    53 000000C6 53                  <1>   push bx
    54 000000C7 56                  <1>   push si
    55                              <1> 
    56 000000C8 8B7604              <1>   mov si, [bp + 4]
    57 000000CB B40E                <1>   mov ah, 0x0E
    58 000000CD BB0000              <1>   mov bx, 0x0000
    59                              <1> 
    60 000000D0 FC                  <1>   cld
    61                              <1> 
    62                              <1> .10L:
    63 000000D1 AC                  <1>   lodsb
    64                              <1> 
    65 000000D2 3C00                <1>   cmp al, 0
    66 000000D4 7404                <1>   je .10E
    67                              <1> 
    68 000000D6 CD10                <1>   int 0x10
    69 000000D8 EBF7                <1>   jmp .10L
    70                              <1> 
    71                              <1> .10E:
    72 000000DA 5E                  <1>   pop si
    73 000000DB 5B                  <1>   pop bx
    74 000000DC 58                  <1>   pop ax
    75                              <1> 
    76 000000DD 89EC                <1>   mov sp, bp
    77 000000DF 5D                  <1>   pop bp
    78                              <1> 
    79 000000E0 C3                  <1>   ret
    48                                  %include "../modules/real/reboot.s"
    49                              <1> reboot:
    50 000000E1 68[FE00]E8DBFF83C4- <1>   cdecl puts, .s0
    50 000000E9 02                  <1>
    51                              <1> .10L:
    52 000000EA B81000              <1>   mov   ax, 0x10
    53 000000ED CD16                <1>   int   0x16
    54 000000EF 3C20                <1>   cmp   al, ' '
    55 000000F1 75F7                <1>   jne   .10L
    56 000000F3 68[1901]E8C9FF83C4- <1>   cdecl puts, .s1
    56 000000FB 02                  <1>
    57 000000FC CD19                <1>   int 0x19
    58 000000FE 0A0D50757368205370- <1> .s0 db 0x0A, 0x0D, "Push Space key to reboot", 0
    58 00000107 616365206B65792074- <1>
    58 00000110 6F207265626F6F7400  <1>
    59 00000119 0A0D0A0D00          <1> .s1 db 0x0A, 0x0D, 0x0A, 0x0D, 0
    49                                  %include "../modules/real/read_chs.s"
    50                              <1> read_chs:
    51 0000011E 55                  <1>   push bp
    52 0000011F 89E5                <1>   mov bp, sp
    53 00000121 6A03                <1>   push 3
    54 00000123 6A00                <1>   push 0
    55                              <1> 
    56 00000125 53                  <1>   push bx
    57 00000126 51                  <1>   push cx
    58 00000127 52                  <1>   push dx
    59 00000128 06                  <1>   push es
    60 00000129 56                  <1>   push si
    61                              <1> 
    62 0000012A 8B7604              <1>   mov si, [bp + 4]
    63 0000012D 8A6C02              <1>   mov ch, [si + drive.cyln + 0]
    64 00000130 8A4C03              <1>   mov cl, [si + drive.cyln + 1]
    65 00000133 C0E106              <1>   shl cl, 6
    66 00000136 0A4C06              <1>   or cl, [si + drive.sect]
    67                              <1> 
    68 00000139 8A7404              <1>   mov dh, [si + drive.head]
    69 0000013C 8A14                <1>   mov dl, [si + 0]
    70 0000013E B80000              <1>   mov ax, 0x0000
    71 00000141 8EC0                <1>   mov es, ax
    72 00000143 8B5E08              <1>   mov bx, [bp + 8]
    73                              <1> 
    74                              <1> .10L:
    75 00000146 B402                <1>   mov ah, 0x02
    76 00000148 8A4606              <1>   mov al, [bp + 6]
    77 0000014B CD13                <1>   int 0x13
    78 0000014D 7304                <1>   jnc .11E
    79 0000014F B000                <1>   mov al, 0
    80 00000151 EB0C                <1>   jmp .10E
    81                              <1> .11E:
    82 00000153 3C00                <1>   cmp al, 0
    83 00000155 7508                <1>   jne .10E
    84 00000157 B80000              <1>   mov ax, 0
    85 0000015A FF4EFE              <1>   dec word [bp - 2]
    86 0000015D 75E7                <1>   jnz .10L
    87                              <1> .10E:
    88 0000015F B400                <1>   mov ah, 0
    89 00000161 5E                  <1>   pop si
    90 00000162 07                  <1>   pop es
    91 00000163 5A                  <1>   pop dx
    92 00000164 59                  <1>   pop cx
    93 00000165 5B                  <1>   pop bx
    94                              <1> 
    95 00000166 89EC                <1>   mov sp, bp
    96 00000168 5D                  <1>   pop bp
    97 00000169 C3                  <1>   ret
    50                                  
    51 0000016A 00<rep 94h>               times 510 - ($ - $$) db 0x00
    52 000001FE 55AA                      db 0x55, 0xAA
    53                                  
    54                                    FONT:
    55 00000200 0000                      .seg: dw 0
    56 00000202 0000                      .off: dw 0
    57                                  
    58                                  %include "../modules/real/itoa.s"
    59                              <1> itoa:
    60 00000204 55                  <1>   push bp
    61 00000205 89E5                <1>   mov bp, sp
    62                              <1> 
    63 00000207 50                  <1>   push ax
    64 00000208 53                  <1>   push bx
    65 00000209 51                  <1>   push cx
    66 0000020A 52                  <1>   push dx
    67 0000020B 56                  <1>   push si
    68 0000020C 57                  <1>   push di
    69                              <1> 
    70 0000020D 8B4604              <1>   mov ax, [bp + 4]
    71 00000210 8B7606              <1>   mov si, [bp + 6]
    72 00000213 8B4E08              <1>   mov cx, [bp + 8]
    73                              <1> 
    74 00000216 89F7                <1>   mov di, si
    75 00000218 01CF                <1>   add di, cx
    76 0000021A 4F                  <1>   dec di
    77                              <1> 
    78 0000021B 8B5E0C              <1>   mov bx, [bp + 12]
    79                              <1> 
    80 0000021E F7C30100            <1>   test bx, 0b0001
    81                              <1> .10Q:
    82 00000222 7408                <1>   je .10E
    83 00000224 83F800              <1>   cmp ax, 0
    84                              <1> .12Q:
    85 00000227 7D03                <1>   jge .12E
    86 00000229 83CB02              <1>   or bx, 0b0010
    87                              <1> .12E:
    88                              <1> .10E:
    89 0000022C F7C30200            <1>   test bx, 0b0010
    90                              <1> .20Q:
    91 00000230 7410                <1>   je .20E
    92 00000232 83F800              <1>   cmp ax, 0
    93                              <1> .22Q:
    94 00000235 7D07                <1>   jge .22F
    95 00000237 F7D8                <1>   neg ax
    96 00000239 C6042D              <1>   mov [si], byte '-'
    97 0000023C EB03                <1>   jmp .22E
    98                              <1> .22F:
    99 0000023E C6042B              <1>   mov [si], byte '+'
   100                              <1> .22E:
   101 00000241 49                  <1>   dec cx
   102                              <1> .20E:
   103 00000242 8B5E0A              <1>   mov bx, [bp + 10]
   104                              <1> .30L:
   105 00000245 BA0000              <1>   mov dx, 0
   106 00000248 F7F3                <1>   div bx
   107                              <1> 
   108 0000024A 89D6                <1>   mov si, dx
   109 0000024C 8A94[7402]          <1>   mov dl, byte [.ascii + si]
   110 00000250 8815                <1>   mov [di], dl
   111 00000252 4F                  <1>   dec di
   112 00000253 83F800              <1>   cmp ax, 0
   113 00000256 E0ED                <1>   loopnz .30L
   114                              <1> .30E:
   115 00000258 83F900              <1>   cmp cx, 0
   116                              <1> .40Q:
   117 0000025B 740D                <1>   je .40E
   118 0000025D B020                <1>   mov al, ' '
   119 0000025F 837E0C04            <1>   cmp [bp + 12], word 0b0100
   120                              <1> .42Q:
   121 00000263 7502                <1>   jne .42E
   122 00000265 B030                <1>   mov al, '0'
   123                              <1> .42E:
   124 00000267 FD                  <1>   std
   125 00000268 F3AA                <1>   rep stosb
   126                              <1> .40E:
   127 0000026A 5F                  <1>   pop di
   128 0000026B 5E                  <1>   pop si
   129 0000026C 5A                  <1>   pop dx
   130 0000026D 59                  <1>   pop cx
   131 0000026E 5B                  <1>   pop bx
   132 0000026F 58                  <1>   pop ax
   133                              <1> 
   134 00000270 89EC                <1>   mov sp, bp
   135 00000272 5D                  <1>   pop bp
   136 00000273 C3                  <1>   ret
   137                              <1> 
   138 00000274 303132333435363738- <1> .ascii	db		"0123456789ABCDEF"
   138 0000027D 39414243444546      <1>
    59                                  %include "../modules/real/get_drive_param.s"
    60                              <1> get_drive_param:
    61 00000284 55                  <1>   push bp
    62 00000285 89E5                <1>   mov bp, sp
    63                              <1> 
    64 00000287 53                  <1>   push bx
    65 00000288 51                  <1>   push cx
    66 00000289 06                  <1>   push es
    67 0000028A 56                  <1>   push si
    68 0000028B 57                  <1>   push di
    69                              <1> 
    70 0000028C 8B7604              <1>   mov si, [bp + 4]
    71 0000028F B80000              <1>   mov ax, 0
    72 00000292 8EC0                <1>   mov es, ax
    73                              <1> 
    74 00000294 89C7                <1>   mov di, ax
    75 00000296 B408                <1>   mov ah, 8
    76 00000298 8A14                <1>   mov dl, [si + drive.no]
    77 0000029A CD13                <1>   int 0x13
    78                              <1> .10Q:
    79 0000029C 721B                <1>   jc  .10F
    80                              <1> .10T:
    81 0000029E 88C8                <1>   mov al, cl
    82 000002A0 83E03F              <1>   and ax, 0x3F
    83                              <1> 
    84 000002A3 C0E906              <1>   shr cl, 6
    85 000002A6 C1C908              <1>   ror cx, 8
    86 000002A9 41                  <1>   inc cx
    87                              <1> 
    88 000002AA 0FB6DE              <1>   movzx bx, dh
    89 000002AD 43                  <1>   inc bx
    90                              <1> 
    91 000002AE 894C02              <1>   mov [si + drive.cyln], cx
    92 000002B1 895C04              <1>   mov [si + drive.head], bx
    93 000002B4 894406              <1>   mov [si + drive.sect], ax
    94 000002B7 EB03                <1>   jmp .10E
    95                              <1> 
    96                              <1> .10F:
    97 000002B9 B80000              <1>   mov ax, 0
    98                              <1> .10E:
    99 000002BC 5F                  <1>   pop di
   100 000002BD 5E                  <1>   pop si
   101 000002BE 07                  <1>   pop es
   102 000002BF 59                  <1>   pop cx
   103 000002C0 5B                  <1>   pop bx
   104                              <1> 
   105 000002C1 89EC                <1>   mov sp, bp
   106 000002C3 5D                  <1>   pop bp
   107 000002C4 C3                  <1>   ret
    60                                  %include "../modules/real/get_font_adr.s"
    61                              <1> get_font_adr:
    62 000002C5 55                  <1>   push bp
    63 000002C6 89E5                <1>   mov bp, sp
    64                              <1> 
    65 000002C8 50                  <1>   push ax
    66 000002C9 53                  <1>   push bx
    67 000002CA 56                  <1>   push si
    68 000002CB 06                  <1>   push es
    69 000002CC 55                  <1>   push bp
    70                              <1> 
    71 000002CD 8B7604              <1>   mov si, [bp + 4]
    72 000002D0 B83011              <1>   mov ax, 0x1130
    73 000002D3 B706                <1>   mov bh, 0x06
    74 000002D5 CD10                <1>   int 10h
    75                              <1> 
    76 000002D7 8C04                <1>   mov [si + 0], es
    77 000002D9 896C02              <1>   mov [si + 2], bp
    78                              <1> 
    79 000002DC 5D                  <1>   pop bp
    80 000002DD 07                  <1>   pop es
    81 000002DE 5E                  <1>   pop si
    82 000002DF 5B                  <1>   pop bx
    83 000002E0 58                  <1>   pop ax
    84                              <1> 
    85 000002E1 89EC                <1>   mov sp, bp
    86 000002E3 5D                  <1>   pop bp
    87 000002E4 C3                  <1>   ret
    61                                  
    62                                  stage_2:
    63 000002E5 68[5F03]E8D7FD83C4-       cdecl puts, .s0
    63 000002ED 02                 
    64 000002EE 68[BA00]E890FF83C4-       cdecl get_drive_param, BOOT
    64 000002F6 02                 
    65 000002F7 83F800                    cmp ax, 0
    66                                  .10Q:
    67 000002FA 750C                      jne .10E
    68                                  .10T:
    69 000002FC 68[9603]E8C0FD83C4-       cdecl puts, .e0
    69 00000304 02                 
    70 00000305 E8D9FD                    call reboot
    71                                  .10E:
    72 00000308 A1[BA00]                	mov	ax, [BOOT + drive.no]
    73 0000030B 6A046A106A0268-         	cdecl	itoa, ax, .p1, 2, 16, 0b0100
    73 00000312 [7703]50E8ECFE83C4-
    73 0000031A 0A                 
    74 0000031B A1[BC00]                	mov	ax, [BOOT + drive.cyln]
    75 0000031E 6A046A106A0468-         	cdecl	itoa, ax, .p2, 4, 16, 0b0100
    75 00000325 [7F03]50E8D9FE83C4-
    75 0000032D 0A                 
    76 0000032E A1[BE00]                	mov	ax, [BOOT + drive.head]
    77 00000331 6A046A106A0268-         	cdecl	itoa, ax, .p3, 2, 16, 0b0100
    77 00000338 [8903]50E8C6FE83C4-
    77 00000340 0A                 
    78 00000341 A1[C000]                	mov	ax, [BOOT + drive.sect]
    79 00000344 6A046A106A0268-         	cdecl	itoa, ax, .p4, 2, 16, 0b0100
    79 0000034B [9103]50E8B3FE83C4-
    79 00000353 0A                 
    80 00000354 68[6E03]E868FD83C4-     	cdecl	puts, .s1
    80 0000035C 02                 
    81 0000035D EB52                      jmp stage_3
    82 0000035F 326E64207374616765-     .s0		db	"2nd stage...", 0x0A, 0x0D, 0
    82 00000368 2E2E2E0A0D00       
    83 0000036E 2044726976653A3078      .s1		db	" Drive:0x"
    84 00000377 20202C20433A3078        .p1		db	"  , C:0x"
    85 0000037F 202020202C20483A30-     .p2		db	"    , H:0x"
    85 00000388 78                 
    86 00000389 20202C20533A3078        .p3		db	"  , S:0x"
    87 00000391 20200A0D00              .p4		db	"  ", 0x0A, 0x0D, 0
    88                                  
    89 00000396 43616E277420676574-     .e0		db	"Can't get drive parameter.", 0
    89 0000039F 206472697665207061-
    89 000003A8 72616D657465722E00 
    90                                  
    91                                  stage_3:
    92 000003B1 68[F403]E80BFD83C4-       cdecl puts, .s0
    92 000003B9 02                 
    93 000003BA 68[0002]E805FF83C4-       cdecl get_font_adr, FONT
    93 000003C2 02                 
    94 000003C3 6A046A106A0468-           cdecl itoa, word [FONT.seg], .p1, 4, 16, 0b0100
    94 000003CA [1104]FF36[0002]E8-
    94 000003D1 31FE83C40A         
    95 000003D6 6A046A106A0468-           cdecl	itoa, word [FONT.off], .p2, 4, 16, 0b0100
    95 000003DD [1604]FF36[0202]E8-
    95 000003E4 1EFE83C40A         
    96 000003E9 68[0304]E8D3FC83C4-     	cdecl	puts, .s1
    96 000003F1 02                 
    97                                  
    98 000003F2 EBFE                      jmp $
    99                                  
   100 000003F4 337264207374616765-     .s0:	db	"3rd stage...", 0x0A, 0x0D, 0
   100 000003FD 2E2E2E0A0D00       
   101                                  
   102 00000403 20466F6E7420416464-     .s1:	db	" Font Address="
   102 0000040C 726573733D         
   103 00000411 5A5A5A5A3A              .p1:	db	"ZZZZ:"
   104 00000416 5A5A5A5A0A0D00          .p2:	db	"ZZZZ", 0x0A, 0x0D, 0
   105 0000041D 0A0D00                  	db	0x0A, 0x0D, 0
   106                                  
   107 00000420 00<rep 1BE0h>             times BOOT_SIZE - ($ - $$) db 0
